{"total": {"lines":{"total":84,"covered":84,"skipped":0,"pct":100},"statements":{"total":122,"covered":122,"skipped":0,"pct":100},"functions":{"total":44,"covered":44,"skipped":0,"pct":100},"branches":{"total":81,"covered":81,"skipped":0,"pct":100},"branchesTrue":{"total":0,"covered":0,"skipped":0,"pct":"Unknown"}}
,"/home/runner/work/cast/cast/src/array.ts": {"lines":{"total":19,"covered":19,"skipped":0,"pct":100},"functions":{"total":3,"covered":3,"skipped":0,"pct":100},"statements":{"total":20,"covered":20,"skipped":0,"pct":100},"branches":{"total":16,"covered":16,"skipped":0,"pct":100}}
,"/home/runner/work/cast/cast/src/index.ts": {"lines":{"total":0,"covered":0,"skipped":0,"pct":0},"functions":{"total":0,"covered":0,"skipped":0,"pct":0},"statements":{"total":0,"covered":0,"skipped":0,"pct":0},"branches":{"total":0,"covered":0,"skipped":0,"pct":0}}
,"/home/runner/work/cast/cast/src/is-to-as.ts": {"lines":{"total":59,"covered":59,"skipped":0,"pct":100},"functions":{"total":36,"covered":36,"skipped":0,"pct":100},"statements":{"total":92,"covered":92,"skipped":0,"pct":100},"branches":{"total":65,"covered":65,"skipped":0,"pct":100}}
,"/home/runner/work/cast/cast/src/returns.ts": {"lines":{"total":6,"covered":6,"skipped":0,"pct":100},"functions":{"total":5,"covered":5,"skipped":0,"pct":100},"statements":{"total":10,"covered":10,"skipped":0,"pct":100},"branches":{"total":0,"covered":0,"skipped":0,"pct":100}}
}
