{"total": {"lines":{"total":57,"covered":57,"skipped":0,"pct":100},"statements":{"total":93,"covered":93,"skipped":0,"pct":100},"functions":{"total":38,"covered":38,"skipped":0,"pct":100},"branches":{"total":58,"covered":58,"skipped":0,"pct":100},"branchesTrue":{"total":0,"covered":0,"skipped":0,"pct":"Unknown"}}
,"/home/runner/work/cast/cast/src/index.ts": {"lines":{"total":0,"covered":0,"skipped":0,"pct":0},"functions":{"total":0,"covered":0,"skipped":0,"pct":0},"statements":{"total":0,"covered":0,"skipped":0,"pct":0},"branches":{"total":0,"covered":0,"skipped":0,"pct":0}}
,"/home/runner/work/cast/cast/src/is-to-as.ts": {"lines":{"total":51,"covered":51,"skipped":0,"pct":100},"functions":{"total":33,"covered":33,"skipped":0,"pct":100},"statements":{"total":83,"covered":83,"skipped":0,"pct":100},"branches":{"total":58,"covered":58,"skipped":0,"pct":100}}
,"/home/runner/work/cast/cast/src/returns.ts": {"lines":{"total":6,"covered":6,"skipped":0,"pct":100},"functions":{"total":5,"covered":5,"skipped":0,"pct":100},"statements":{"total":10,"covered":10,"skipped":0,"pct":100},"branches":{"total":0,"covered":0,"skipped":0,"pct":100}}
}
